make all --print-data-base --no-builtin-variables --no-builtin-rules --question
# GNU Make 3.81
# Copyright (C) 2006  Free Software Foundation, Inc.
# This is free software; see the source for copying conditions.
# There is NO warranty; not even for MERCHANTABILITY or FITNESS FOR A
# PARTICULAR PURPOSE.

# This program built for i386-apple-darwin11.3.0
 
make: *** No rule to make target `all'.  Stop.


# Make data base, printed on Tue Apr  5 18:44:24 2022

# Variables

# automatic
<D = $(patsubst %/,%,$(dir $<))
# automatic
?F = $(notdir $?)
# environment
VSCODE_LOG_NATIVE = false
# automatic
?D = $(patsubst %/,%,$(dir $?))
# makefile (from `makefile', line 6)
CPPFLAGS := -I include
# automatic
@D = $(patsubst %/,%,$(dir $@))
# automatic
@F = $(notdir $@)
# makefile
CURDIR := /Users/litao/Documents/unittest/sortutest-git
# makefile
SHELL = /bin/sh
# environment
VSCODE_NLS_CONFIG = {"locale":"zh-cn","availableLanguages":{},"_languagePackSupport":true}
# makefile (from `makefile', line 8)
PY := python3
# environment
_ = /usr/bin/make
# makefile (from `makefile', line 7)
CFLAGS := -Wall -g
# makefile (from `makefile', line 2)
NUMS := 100
# makefile (from `makefile', line 1)
MAKEFILE_LIST :=  makefile
# makefile (from `makefile', line 11)
TESTDIR := test
# environment
VSCODE_VERBOSE_LOGGING = true
# environment
__CFBundleIdentifier = com.microsoft.VSCode
# environment
VSCODE_IPC_HOOK_EXTHOST = /var/folders/_w/_4l20g317gl8vr_fs9031cbr0000gn/T/vscode-ipc-74305922-9cab-44fd-9dd9-6664370b0d22.sock
# environment
VSCODE_CWD = /
# environment
PATH = /Library/Frameworks/Python.framework/Versions/3.9/bin:/opt/local/bin:/opt/local/sbin:/usr/local/bin:/usr/bin:/bin:/usr/sbin:/sbin
# makefile (from `makefile', line 37)
LIBOBJS := mystd.o
# makefile (from `makefile', line 4)
OBJECT := insertsort
# environment
LIBRARY_PATH = /opt/local/lib
# environment
CPATH = /opt/local/include
# makefile (from `makefile', line 9)
PYPATH := python
# environment
VSCODE_LOG_STACK = false
# environment
ELECTRON_RUN_AS_NODE = 1
# default
.FEATURES := target-specific order-only second-expansion else-if archives jobserver check-symlink
# environment
SSH_AUTH_SOCK = /private/tmp/com.apple.launchd.xa8VywbFx1/Listeners
# automatic
%F = $(notdir $%)
# environment
DISPLAY = :0
# environment
VSCODE_PIPE_LOGGING = true
# environment
PWD = /Users/litao/Documents/unittest/sortutest-git
# environment
ORIGINAL_XDG_CURRENT_DESKTOP = undefined
# environment
VSCODE_AMD_ENTRYPOINT = vs/workbench/api/node/extensionHostProcess
# environment
HOME = /Users/litao
# default
MAKEFILEPATH = $(shell /usr/bin/xcode-select -print-path 2>/dev/null || echo /Developer)/Makefiles
# environment
VSCODE_CODE_CACHE_PATH = /Users/litao/Library/Application Support/Code/CachedData/e18005f0f1b33c29e81d732535d8c0e47cafb0b5
# environment
LOGNAME = litao
# environment
APPLICATION_INSIGHTS_NO_DIAGNOSTIC_CHANNEL = 1
# environment
VSCODE_HANDLES_UNCAUGHT_ERRORS = true
# automatic
^D = $(patsubst %/,%,$(dir $^))
# environment
XPC_FLAGS = 0x0
# default
MAKE = $(MAKE_COMMAND)
# default
MAKECMDGOALS := all
# environment
SHLVL = 1
# makefile (from `makefile', line 3)
SOURCE := sort
# default
MAKE_VERSION := 3.81
# environment
USER = litao
# makefile
.DEFAULT_GOAL := insertsort
# automatic
%D = $(patsubst %/,%,$(dir $%))
# default
MAKE_COMMAND := /Library/Developer/CommandLineTools/usr/bin/make
# default
.VARIABLES := 
# environment
TMPDIR = /var/folders/_w/_4l20g317gl8vr_fs9031cbr0000gn/T/
# automatic
*F = $(notdir $*)
# environment
VSCODE_IPC_HOOK = /Users/litao/Library/Application Support/Code/1.66.0-main.sock
# makefile
MAKEFLAGS = Rrqp
# environment
MFLAGS = -Rrqp
# automatic
*D = $(patsubst %/,%,$(dir $*))
# environment
XPC_SERVICE_NAME = application.com.microsoft.VSCode.13408241.13408247
# automatic
+D = $(patsubst %/,%,$(dir $+))
# automatic
+F = $(notdir $+)
# environment
__CF_USER_TEXT_ENCODING = 0x1F5:0x19:0x34
# environment
COMMAND_MODE = unix2003
# default
MAKEFILES := 
# automatic
<F = $(notdir $<)
# environment
LC_ALL = C
# automatic
^F = $(notdir $^)
# default
SUFFIXES := 
# default
.INCLUDE_DIRS = /usr/local/include
# environment
MAKELEVEL := 0
# environment
LANG = C
# environment
VSCODE_PID = 1401
# variable set hash-table stats:
# Load=74/1024=7%, Rehash=0, Collisions=1/111=1%

# Pattern-specific Variable Values

# No pattern-specific variable values.

# Directories

# lib (device 16777220, inode 13758029): No files, no impossibilities so far.
# include (device 16777220, inode 13758022): No files, no impossibilities so far.
# . (device 16777220, inode 13758010): 16 files, no impossibilities.
# test (device 16777220, inode 13758012): No files, no impossibilities so far.
# src (device 16777220, inode 13758044): No files, no impossibilities so far.
# python (device 16777220, inode 13758018): No files, no impossibilities so far.

# 16 files, no impossibilities in 6 directories.

# Implicit Rules

# No implicit rules.

# Files

# Not a target:
all:
#  Command-line target.
#  Implicit rule search has been done.
#  File does not exist.
#  File has not been updated.
# variable set hash-table stats:
# Load=0/32=0%, Rehash=0, Collisions=0/0=0%

.PHONY: inital
#  Implicit rule search has not been done.
#  Modification time never checked.
#  File has not been updated.

mystd.o: mystd.h
#  Implicit rule search has not been done.
#  Implicit/static pattern stem: `mystd'
#  File is an intermediate prerequisite.
#  Modification time never checked.
#  File has not been updated.
# makefile (from `makefile', line 38)
# CFLAGS = -Wall
# variable set hash-table stats:
# Load=1/32=3%, Rehash=0, Collisions=0/1=0%

# Not a target:
.SUFFIXES:
#  Implicit rule search has not been done.
#  Modification time never checked.
#  File has not been updated.

sort.o: sort.h mydef.h mystd.h
#  Implicit rule search has not been done.
#  Modification time never checked.
#  File has not been updated.

# Not a target:
makefile:
#  Implicit rule search has been done.
#  Last modified 2022-04-05 18:37:34
#  File has been updated.
#  Successfully updated.
# variable set hash-table stats:
# Load=0/32=0%, Rehash=0, Collisions=0/0=0%

# Not a target:
mydef.h:
#  Implicit rule search has not been done.
#  Modification time never checked.
#  File has not been updated.

.INTERMEDIATE: mystd.o
#  Implicit rule search has not been done.
#  Modification time never checked.
#  File has not been updated.

 
# Not a target:
.DEFAULT:
#  Implicit rule search has not been done.
#  Modification time never checked.
#  File has not been updated.

libmyio.a: mystd.o
#  Implicit rule search has not been done.
#  Modification time never checked.
#  File has not been updated.
# makefile (from `makefile', line 40)
# ARFLAGS = rcv
# variable set hash-table stats:
# Load=1/32=3%, Rehash=0, Collisions=0/1=0%
#  commands to execute (from `makefile', line 42):
	$(AR) $(ARFLAGS) $@ $^
	mv $@ lib
	

# Not a target:
mystd.h:
#  Implicit rule search has not been done.
#  Modification time never checked.
#  File has not been updated.

clean:
#  Implicit rule search has not been done.
#  Modification time never checked.
#  File has not been updated.
#  commands to execute (from `makefile', line 62):
	rm lib/lib*
	rm *_test
	rm *.o
	

all_test.o: sort.h mystd.h mydef.h
#  Implicit rule search has not been done.
#  Modification time never checked.
#  File has not been updated.

# Not a target:
sort.h:
#  Implicit rule search has not been done.
#  Modification time never checked.
#  File has not been updated.

main: all_test.o sort.o
#  Implicit rule search has not been done.
#  Modification time never checked.
#  File has not been updated.
# makefile (from `makefile', line 28)
# LDFLAGS = -L lib
# makefile (from `makefile', line 29)
# LDLIBS = -lmyio -lcunit
# variable set hash-table stats:
# Load=2/32=6%, Rehash=0, Collisions=0/2=0%

insertsort: insertsort.py
#  Implicit rule search has not been done.
#  Implicit/static pattern stem: `insertsort'
#  Modification time never checked.
#  File has not been updated.
#  commands to execute (from `makefile', line 24):
	$(PY) $< $@.txt $(NUMS) 
	mv $@.txt $(TESTDIR)
	

# Not a target:
insertsort.py:
#  Implicit rule search has not been done.
#  Modification time never checked.
#  File has not been updated.

initial:
#  Implicit rule search has not been done.
#  Modification time never checked.
#  File has not been updated.
#  commands to execute (from `makefile', line 52):
	mkdir doc
	mkdir include
	mkdir src
	mkdir python
	mkdir backup
	mkdir test
	mkdir lib
	

inital:
#  Phony target (prerequisite of .PHONY).
#  Implicit rule search has not been done.
#  File does not exist.
#  File has not been updated.

# files hash-table stats:
# Load=19/1024=2%, Rehash=0, Collisions=0/51=0%
# VPATH Search Paths

vpath %.c src
vpath %.h include
vpath %.a lib
vpath %.py python
vpath %_test.c test

# 5 `vpath' search paths.

# No general (`VPATH' variable) search path.

# # of strings in strcache: 1
# # of strcache buffers: 1
# strcache size: total = 4096 / max = 4096 / min = 4096 / avg = 4096
# strcache free: total = 4087 / max = 4087 / min = 4087 / avg = 4087

# Finished Make data base on Tue Apr  5 18:44:24 2022

 
